#
# There is insufficient memory for the Java Runtime Environment to continue.
# Native memory allocation (malloc) failed to allocate 300736 bytes for Chunk::new
# Possible reasons:
#   The system is out of physical RAM or swap space
#   In 32 bit mode, the process size limit was hit
# Possible solutions:
#   Reduce memory load on the system
#   Increase physical memory or swap space
#   Check if swap backing store is full
#   Use 64 bit Java on a 64 bit OS
#   Decrease Java heap size (-Xmx/-Xms)
#   Decrease number of Java threads
#   Decrease Java thread stack sizes (-Xss)
#   Set larger code cache with -XX:ReservedCodeCacheSize=
# This output file may be truncated or incomplete.
#
#  Out of Memory Error (allocation.cpp:390), pid=2636, tid=5052
#
# JRE version: Java(TM) SE Runtime Environment (8.0_51-b16) (build 1.8.0_51-b16)
# Java VM: Java HotSpot(TM) 64-Bit Server VM (25.51-b03 mixed mode windows-amd64 compressed oops)
# Failed to write core dump. Minidumps are not enabled by default on client versions of Windows
#

---------------  T H R E A D  ---------------

Current thread (0x0000000054c3a000):  JavaThread "C2 CompilerThread0" daemon [_thread_in_native, id=5052, stack(0x0000000056000000,0x0000000056100000)]

Stack: [0x0000000056000000,0x0000000056100000]
[error occurred during error reporting (printing stack bounds), id 0xc0000005]

Native frames: (J=compiled Java code, j=interpreted, Vv=VM code, C=native code)
V  [jvm.dll+0x32b4ca]


Current CompileTask:
C2:   9427 1071       4       sun.java2d.pipe.BufferedContext::validate (518 bytes)


---------------  P R O C E S S  ---------------

Java Threads: ( => current thread )
  0x00000000004be800 JavaThread "DestroyJavaVM" [_thread_blocked, id=828, stack(0x00000000021f0000,0x00000000022f0000)]
  0x0000000057ddf800 JavaThread "D3D Screen Updater" daemon [_thread_blocked, id=3600, stack(0x0000000058cf0000,0x0000000058df0000)]
  0x00000000564e1800 JavaThread "AWT-EventQueue-0" [_thread_blocked, id=2588, stack(0x0000000056c30000,0x0000000056d30000)]
  0x000000005641d000 JavaThread "AWT-Windows" daemon [_thread_in_native, id=412, stack(0x0000000056ae0000,0x0000000056be0000)]
  0x000000005641a000 JavaThread "AWT-Shutdown" [_thread_blocked, id=1916, stack(0x0000000055cf0000,0x0000000055df0000)]
  0x0000000056414000 JavaThread "Java2D Disposer" daemon [_thread_blocked, id=3056, stack(0x00000000568f0000,0x00000000569f0000)]
  0x0000000056113000 JavaThread "Service Thread" daemon [_thread_blocked, id=968, stack(0x00000000565c0000,0x00000000566c0000)]
  0x0000000054c43800 JavaThread "C1 CompilerThread1" daemon [_thread_blocked, id=4132, stack(0x0000000055890000,0x0000000055990000)]
=>0x0000000054c3a000 JavaThread "C2 CompilerThread0" daemon [_thread_in_native, id=5052, stack(0x0000000056000000,0x0000000056100000)]
  0x0000000054c37000 JavaThread "Attach Listener" daemon [_thread_blocked, id=4160, stack(0x0000000055df0000,0x0000000055ef0000)]
  0x0000000054c36000 JavaThread "Signal Dispatcher" daemon [_thread_blocked, id=548, stack(0x0000000055b80000,0x0000000055c80000)]
  0x0000000054bdb800 JavaThread "Finalizer" daemon [_thread_blocked, id=4740, stack(0x0000000055990000,0x0000000055a90000)]
  0x0000000054bd4800 JavaThread "Reference Handler" daemon [_thread_blocked, id=4328, stack(0x0000000055780000,0x0000000055880000)]

Other Threads:
  0x0000000054bcd000 VMThread [stack: 0x0000000055580000,0x0000000055680000] [id=5000]
  0x0000000056114800 WatcherThread [stack: 0x00000000566c0000,0x00000000567c0000] [id=5004]

VM state:not at safepoint (normal execution)

VM Mutex/Monitor currently owned by a thread: None

Heap:
 PSYoungGen      total 18944K, used 9857K [0x00000000eab00000, 0x00000000ec000000, 0x0000000100000000)
  eden space 16384K, 60% used [0x00000000eab00000,0x00000000eb4a07d0,0x00000000ebb00000)
  from space 2560K, 0% used [0x00000000ebd80000,0x00000000ebd80000,0x00000000ec000000)
  to   space 2560K, 0% used [0x00000000ebb00000,0x00000000ebb00000,0x00000000ebd80000)
 ParOldGen       total 44032K, used 0K [0x00000000c0000000, 0x00000000c2b00000, 0x00000000eab00000)
  object space 44032K, 0% used [0x00000000c0000000,0x00000000c0000000,0x00000000c2b00000)
 Metaspace       used 11744K, capacity 11964K, committed 12160K, reserved 1060864K
  class space    used 1500K, capacity 1566K, committed 1664K, reserved 1048576K

Card table byte_map: [0x0000000011980000,0x0000000011b90000] byte_map_base: 0x0000000011380000

Marking Bits: (ParMarkBitMap*) 0x0000000067ac4040
 Begin Bits: [0x00000000120a0000, 0x00000000130a0000)
 End Bits:   [0x00000000130a0000, 0x00000000140a0000)

Polling page: 0x0000000000410000

CodeCache: size=245760Kb used=3783Kb max_used=3790Kb free=241976Kb
 bounds [0x00000000025c0000, 0x0000000002980000, 0x00000000115c0000]
 total_blobs=1566 nmethods=1071 adapters=408
 compilation: enabled

Compilation events (10 events):
Event: 9.262 Thread 0x0000000054c43800 nmethod 1066 0x000000000296f910 code [0x000000000296fb40, 0x00000000029710c8]
Event: 9.262 Thread 0x0000000054c43800 1067       3       java.awt.Container::eventEnabled (49 bytes)
Event: 9.262 Thread 0x0000000054c43800 nmethod 1067 0x0000000002971690 code [0x0000000002971800, 0x0000000002971c28]
Event: 9.262 Thread 0x0000000054c43800 1068       3       java.awt.Component::eventEnabled (9 bytes)
Event: 9.262 Thread 0x0000000054c43800 nmethod 1068 0x0000000002971d50 code [0x0000000002971ec0, 0x00000000029720c8]
Event: 9.302 Thread 0x0000000054c3a000 1069       4       java.util.HashSet::add (20 bytes)
Event: 9.304 Thread 0x0000000054c3a000 nmethod 1069 0x0000000002974ed0 code [0x0000000002975020, 0x0000000002975168]
Event: 9.322 Thread 0x0000000054c43800 1070       3       sun.awt.windows.WComponentPeer::getBounds (11 bytes)
Event: 9.323 Thread 0x0000000054c43800 nmethod 1070 0x0000000002974490 code [0x0000000002974620, 0x0000000002974c10]
Event: 9.383 Thread 0x0000000054c3a000 1071       4       sun.java2d.pipe.BufferedContext::validate (518 bytes)

GC Heap History (0 events):
No events

Deoptimization events (5 events):
Event: 0.207 Thread 0x00000000004be800 Uncommon trap: reason=null_check action=make_not_entrant pc=0x000000000273f568 method=java.lang.String.equals(Ljava/lang/Object;)Z @ 8
Event: 7.792 Thread 0x00000000564e1800 Uncommon trap: reason=class_check action=maybe_recompile pc=0x0000000002927f6c method=sun.java2d.pipe.BufferedContext.validate(Lsun/java2d/pipe/hw/AccelSurface;Lsun/java2d/pipe/hw/AccelSurface;Lsun/java2d/pipe/Region;Ljava/awt/Composite;Ljava/awt/geom/AffijMóŽS,@
Event: 7.793 Thread 0x00000000564e1800 Uncommon trap: reason=bimorphic action=maybe_recompile pc=0x000000000292820c method=sun.java2d.pipe.BufferedContext.validate(Lsun/java2d/pipe/hw/AccelSurface;Lsun/java2d/pipe/hw/AccelSurface;Lsun/java2d/pipe/Region;Ljava/awt/Composite;Ljava/awt/geom/AffineYwâ(/0@
Event: 7.797 Thread 0x00000000564e1800 Uncommon trap: reason=bimorphic action=maybe_recompile pc=0x000000000292820c method=sun.java2d.pipe.BufferedContext.validate(Lsun/java2d/pipe/hw/AccelSurface;Lsun/java2d/pipe/hw/AccelSurface;Lsun/java2d/pipe/Region;Ljava/awt/Composite;Ljava/awt/geom/Affine/€:/_0@
Event: 7.797 Thread 0x00000000564e1800 Uncommon trap: reason=unstable_if action=reinterpret pc=0x0000000002927fd8 method=sun.java2d.pipe.BufferedContext.validate(Lsun/java2d/pipe/hw/AccelSurface;Lsun/java2d/pipe/hw/AccelSurface;Lsun/java2d/pipe/Region;Ljava/awt/Composite;Ljava/awt/geom/AffineTr

Internal exceptions (10 events):
Event: 0.270 Thread 0x00000000004be800 Exception <a 'java/lang/ClassNotFoundException': ToolBar> (0x00000000eae99df0) thrown at [C:\re\workspace\8-2-build-windows-amd64-cygwin\jdk8u51\3951\hotspot\src\share\vm\classfile\systemDictionary.cpp, line 210]
Event: 0.270 Thread 0x00000000004be800 Exception <a 'java/lang/ClassNotFoundException': ToggleButton> (0x00000000eae9a348) thrown at [C:\re\workspace\8-2-build-windows-amd64-cygwin\jdk8u51\3951\hotspot\src\share\vm\classfile\systemDictionary.cpp, line 210]
Event: 0.270 Thread 0x00000000004be800 Exception <a 'java/lang/ClassNotFoundException': javax/swing/JToolBarSeparator> (0x00000000eae9a750) thrown at [C:\re\workspace\8-2-build-windows-amd64-cygwin\jdk8u51\3951\hotspot\src\share\vm\classfile\systemDictionary.cpp, line 210]
Event: 0.270 Thread 0x00000000004be800 Exception <a 'java/lang/ClassNotFoundException': ToolBarSeparator> (0x00000000eae9ab90) thrown at [C:\re\workspace\8-2-build-windows-amd64-cygwin\jdk8u51\3951\hotspot\src\share\vm\classfile\systemDictionary.cpp, line 210]
Event: 0.270 Thread 0x00000000004be800 Exception <a 'java/lang/ClassNotFoundException': ToolTip> (0x00000000eae9b278) thrown at [C:\re\workspace\8-2-build-windows-amd64-cygwin\jdk8u51\3951\hotspot\src\share\vm\classfile\systemDictionary.cpp, line 210]
Event: 0.271 Thread 0x00000000004be800 Exception <a 'java/lang/ClassNotFoundException': Tree> (0x00000000eae9be40) thrown at [C:\re\workspace\8-2-build-windows-amd64-cygwin\jdk8u51\3951\hotspot\src\share\vm\classfile\systemDictionary.cpp, line 210]
Event: 0.271 Thread 0x00000000004be800 Exception <a 'java/lang/ClassNotFoundException': Tree> (0x00000000eae9c528) thrown at [C:\re\workspace\8-2-build-windows-amd64-cygwin\jdk8u51\3951\hotspot\src\share\vm\classfile\systemDictionary.cpp, line 210]
Event: 0.271 Thread 0x00000000004be800 Exception <a 'java/lang/ClassNotFoundException': javax/swing/JTreeCell> (0x00000000eae9c850) thrown at [C:\re\workspace\8-2-build-windows-amd64-cygwin\jdk8u51\3951\hotspot\src\share\vm\classfile\systemDictionary.cpp, line 210]
Event: 0.271 Thread 0x00000000004be800 Exception <a 'java/lang/ClassNotFoundException': TreeCell> (0x00000000eae9cc80) thrown at [C:\re\workspace\8-2-build-windows-amd64-cygwin\jdk8u51\3951\hotspot\src\share\vm\classfile\systemDictionary.cpp, line 210]
Event: 0.272 Thread 0x00000000004be800 Exception <a 'java/lang/ClassNotFoundException': RootPane> (0x00000000eae9d688) thrown at [C:\re\workspace\8-2-build-windows-amd64-cygwin\jdk8u51\3951\hotspot\src\share\vm\classfile\systemDictionary.cpp, line 210]

Events (10 events):
Event: 7.793 Thread 0x00000000564e1800 DEOPT PACKING pc=0x000000000292820c sp=0x0000000056d2c620
Event: 7.793 Thread 0x00000000564e1800 DEOPT UNPACKING pc=0x000000000260582a sp=0x0000000056d2c598 mode 2
Event: 7.793 Thread 0x00000000564e1800 Uncommon trap: trap_request=0xffffffc6 fr.pc=0x000000000292820c
Event: 7.797 Thread 0x00000000564e1800 DEOPT PACKING pc=0x000000000292820c sp=0x0000000056d2cb00
Event: 7.797 Thread 0x00000000564e1800 DEOPT UNPACKING pc=0x000000000260582a sp=0x0000000056d2ca78 mode 2
Event: 7.797 Thread 0x00000000564e1800 Uncommon trap: trap_request=0xffffff65 fr.pc=0x0000000002927fd8
Event: 7.797 Thread 0x00000000564e1800 DEOPT PACKING pc=0x0000000002927fd8 sp=0x0000000056d2cc70
Event: 7.797 Thread 0x00000000564e1800 DEOPT UNPACKING pc=0x000000000260582a sp=0x0000000056d2cbe0 mode 2
Event: 8.177 loading class java/awt/LightweightDispatcher$2
Event: 8.178 loading class java/awt/LightweightDispatcher$2 done


Dynamic libraries:
0x000000013fba0000 - 0x000000013fbd7000 	C:\Program Files\Java\jre1.8.0_51\bin\javaw.exe
0x00000000778a0000 - 0x0000000077a49000 	C:\Windows\SYSTEM32\ntdll.dll
0x0000000077780000 - 0x000000007789f000 	C:\Windows\system32\kernel32.dll
0x000007fefd8a0000 - 0x000007fefd90b000 	C:\Windows\system32\KERNELBASE.dll
0x000007fefdcd0000 - 0x000007fefddab000 	C:\Windows\system32\ADVAPI32.dll
0x000007fefe420000 - 0x000007fefe4bf000 	C:\Windows\system32\msvcrt.dll
0x000007feff8b0000 - 0x000007feff8cf000 	C:\Windows\SYSTEM32\sechost.dll
0x000007fefda90000 - 0x000007fefdbbd000 	C:\Windows\system32\RPCRT4.dll
0x0000000077680000 - 0x000000007777a000 	C:\Windows\system32\USER32.dll
0x000007fefe5f0000 - 0x000007fefe657000 	C:\Windows\system32\GDI32.dll
0x000007feff8d0000 - 0x000007feff8de000 	C:\Windows\system32\LPK.dll
0x000007feffae0000 - 0x000007feffba9000 	C:\Windows\system32\USP10.dll
0x000007fefbe30000 - 0x000007fefc024000 	C:\Windows\WinSxS\amd64_microsoft.windows.common-controls_6595b64144ccf1df_6.0.7601.17514_none_fa396087175ac9ac\COMCTL32.dll
0x000007fefe510000 - 0x000007fefe581000 	C:\Windows\system32\SHLWAPI.dll
0x000007fefe350000 - 0x000007fefe37e000 	C:\Windows\system32\IMM32.DLL
0x000007fefdbc0000 - 0x000007fefdcc9000 	C:\Windows\system32\MSCTF.dll
0x000007fefd5f0000 - 0x000007fefd614000 	C:\Windows\system32\vmwsci.dll
0x0000000077a60000 - 0x0000000077a67000 	C:\Windows\system32\PSAPI.DLL
0x000000006f230000 - 0x000000006f302000 	C:\Program Files\Java\jre1.8.0_51\bin\msvcr100.dll
0x00000000672c0000 - 0x0000000067b43000 	C:\Program Files\Java\jre1.8.0_51\bin\server\jvm.dll
0x000007fef8960000 - 0x000007fef8969000 	C:\Windows\system32\WSOCK32.dll
0x000007fefe4c0000 - 0x000007fefe50d000 	C:\Windows\system32\WS2_32.dll
0x000007fefe0c0000 - 0x000007fefe0c8000 	C:\Windows\system32\NSI.dll
0x000007fefb590000 - 0x000007fefb5cb000 	C:\Windows\system32\WINMM.dll
0x000007fefc8e0000 - 0x000007fefc8ec000 	C:\Windows\system32\VERSION.dll
0x0000000070400000 - 0x000000007040f000 	C:\Program Files\Java\jre1.8.0_51\bin\verify.dll
0x0000000070370000 - 0x0000000070399000 	C:\Program Files\Java\jre1.8.0_51\bin\java.dll
0x00000000703e0000 - 0x00000000703f6000 	C:\Program Files\Java\jre1.8.0_51\bin\zip.dll
0x000007fefeb20000 - 0x000007feff8a8000 	C:\Windows\system32\SHELL32.dll
0x000007fefe910000 - 0x000007fefeb13000 	C:\Windows\system32\ole32.dll
0x000007fefd660000 - 0x000007fefd66f000 	C:\Windows\system32\profapi.dll
0x0000000065580000 - 0x0000000065718000 	C:\Program Files\Java\jre1.8.0_51\bin\awt.dll
0x000007fefddb0000 - 0x000007fefde87000 	C:\Windows\system32\OLEAUT32.dll
0x000007fefd520000 - 0x000007fefd52f000 	C:\Windows\system32\CRYPTBASE.dll
0x000007fefb610000 - 0x000007fefb628000 	C:\Windows\system32\DWMAPI.DLL
0x000000006f350000 - 0x000000006f397000 	C:\Program Files\Java\jre1.8.0_51\bin\fontmanager.dll
0x000007fef04e0000 - 0x000007fef06df000 	C:\Windows\system32\d3d9.dll
0x000007fef7200000 - 0x000007fef7207000 	C:\Windows\system32\d3d8thk.dll
0x000007fef66a0000 - 0x000007fef66e5000 	C:\Windows\system32\vm3dum64.dll
0x000000006f1f0000 - 0x000000006f221000 	C:\Program Files\Java\jre1.8.0_51\bin\jpeg.dll
0x000000006f1c0000 - 0x000000006f1ea000 	C:\Program Files\Java\jre1.8.0_51\bin\dcpr.dll
0x0000000070350000 - 0x000000007036a000 	C:\Program Files\Java\jre1.8.0_51\bin\net.dll
0x000007fefce60000 - 0x000007fefceb5000 	C:\Windows\system32\mswsock.dll
0x000007fefce50000 - 0x000007fefce57000 	C:\Windows\System32\wship6.dll
0x0000000070300000 - 0x0000000070311000 	C:\Program Files\Java\jre1.8.0_51\bin\nio.dll
0x000000006f170000 - 0x000000006f1b2000 	C:\Program Files\Java\jre1.8.0_51\bin\t2k.dll

VM Arguments:
jvm_args: -Dfile.encoding=Cp1252 
java_command: papillon.Papillon
java_class_path (initial): V:\git\Papillon\bin;V:\git\Papillon\jgoodies-forms-1.8.0.jar
Launcher Type: SUN_STANDARD

Environment Variables:
CLASSPATH=.;C:\Program Files (x86)\Java\jre7\lib\ext\QTJava.zip
PATH=C:/Program Files/Java/jre1.8.0_51/bin/server;C:/Program Files/Java/jre1.8.0_51/bin;C:/Program Files/Java/jre1.8.0_51/lib/amd64;C:\ProgramData\Oracle\Java\javapath;C:\Windows\system32;C:\Windows;C:\Windows\System32\Wbem;C:\Windows\System32\WindowsPowerShell\v1.0\;C:\Program Files (x86)\QuickTime\QTSystem\;C:\Program Files (x86)\PharosSystems\Core;C:\Program Files (x86)\Windows Kits\8.1\Windows Performance Toolkit\;C:\Program Files (x86)\Microsoft SDKs\TypeScript\1.0\;C:\Program Files\Microsoft SQL Server\110\Tools\Binn\;C:\Program Files\MATLAB\R2014a\runtime\win64;C:\Program Files\MATLAB\R2014a\bin;C:\Program Files\eclipse;
USERNAME=wuc956
OS=Windows_NT
PROCESSOR_IDENTIFIER=Intel64 Family 6 Model 63 Stepping 2, GenuineIntel



---------------  S Y S T E M  ---------------

OS: Windows 7 , 64 bit Build 7601 (6.1.7601.18015)

CPU:total 2 (1 cores per cpu, 1 threads per core) family 6 model 63 stepping 2, cmov, cx8, fxsr, mmx, sse, sse2, sse3, ssse3, sse4.1, sse4.2, popcnt, avx, avx2, aes, clmul, erms, lzcnt, tsc, tscinvbit, bmi1, bmi2

Memory: 4k page, physical 4193848k(509560k free), swap 5240560k(4848k free)

vm_info: Java HotSpot(TM) 64-Bit Server VM (25.51-b03) for windows-amd64 JRE (1.8.0_51-b16), built on Jun  8 2015 18:03:07 by "java_re" with MS VC++ 10.0 (VS2010)

time: Thu Dec 03 18:26:50 2015
elapsed time: 9 seconds (0d 0h 0m 9s)

